<?xml version="1.0" encoding="UTF-8"?>
<!-- Generated by org.testng.reporters.JUnitReportReporter -->
<testsuite hostname="Ricardos-MacBook-Pro.local" failures="0" tests="1" name="com.google.qa.VerificationSetup" time="7.658" errors="0" timestamp="08 Jan 2022 14:52:24 GMT" skipped="0">
  <testcase classname="com.google.qa.VerificationSetup" name="f" time="7.658"/>
</testsuite> <!-- com.google.qa.VerificationSetup -->
