<?xml version="1.0" encoding="UTF-8"?>
<!-- Generated by org.testng.reporters.JUnitReportReporter -->
<testsuite hostname="Ricardos-MacBook-Pro.local" failures="0" tests="1" name="com.google.qa.VerificationSetup" time="6.890" errors="0" timestamp="22 Jan 2022 13:50:35 GMT" skipped="0">
  <testcase classname="com.google.qa.VerificationSetup" name="f" time="6.890"/>
</testsuite> <!-- com.google.qa.VerificationSetup -->
